我是谢浓浓：2018-03-08 12:58:37.365 [main] DEBUG com.rush.o2o.dao.ShopDao.insertShop - ==>  Preparing: insert into tb_shop(owner_id, area_id, shop_category_id, shop_name, shop_desc, shop_addr, phone, shop_img, priority, create_time, last_edit_time, enable_status, advice) values (?, ?, ?, ?, ?, ?, ?, ?, ?, ?, ?, ?, ?) 
我是谢浓浓：2018-03-08 12:58:37.450 [main] DEBUG com.rush.o2o.dao.ShopDao.insertShop - ==> Parameters: 2(Long), 2(Integer), 1(Long), 测试的店铺,包括图片(String), test图(String), test图(String), test图(String), null, null, 2018-03-08 12:58:37.311(Timestamp), 2018-03-08 12:58:37.311(Timestamp), 0(Integer), 审核中。。(String)
我是谢浓浓：2018-03-08 13:09:49.378 [main] DEBUG com.rush.o2o.dao.ShopDao.insertShop - ==>  Preparing: insert into tb_shop(owner_id, area_id, shop_category_id, shop_name, shop_desc, shop_addr, phone, shop_img, priority, create_time, last_edit_time, enable_status, advice) values (?, ?, ?, ?, ?, ?, ?, ?, ?, ?, ?, ?, ?) 
我是谢浓浓：2018-03-08 13:09:49.431 [main] DEBUG com.rush.o2o.dao.ShopDao.insertShop - ==> Parameters: 2(Long), 2(Integer), 1(Long), 测试的店铺,包括图片(String), test图(String), test图(String), test图(String), null, null, 2018-03-08 13:09:49.312(Timestamp), 2018-03-08 13:09:49.312(Timestamp), 0(Integer), 审核中。。(String)
我是谢浓浓：2018-03-08 13:11:31.855 [main] DEBUG com.rush.o2o.dao.ShopDao.insertShop - ==>  Preparing: insert into tb_shop(owner_id, area_id, shop_category_id, shop_name, shop_desc, shop_addr, phone, shop_img, priority, create_time, last_edit_time, enable_status, advice) values (?, ?, ?, ?, ?, ?, ?, ?, ?, ?, ?, ?, ?) 
我是谢浓浓：2018-03-08 13:11:31.901 [main] DEBUG com.rush.o2o.dao.ShopDao.insertShop - ==> Parameters: 1(Long), 2(Integer), 1(Long), 测试的店铺,包括图片(String), test图(String), test图(String), test图(String), null, null, 2018-03-08 13:11:31.8(Timestamp), 2018-03-08 13:11:31.8(Timestamp), 0(Integer), 审核中。。(String)
我是谢浓浓：2018-03-08 13:11:31.915 [main] DEBUG com.rush.o2o.dao.ShopDao.insertShop - <==    Updates: 1
我是谢浓浓：2018-03-08 13:11:32.914 [main] DEBUG com.rush.o2o.util.ImageUtil - current relativeAddr is :upload/item/shop/4/2018030813113137052.jpg
我是谢浓浓：2018-03-08 13:11:32.914 [main] DEBUG com.rush.o2o.util.ImageUtil - current complete addr is :/home/xiangce/image/upload/item/shop/4/2018030813113137052.jpg
我是谢浓浓：2018-03-08 13:11:32.914 [main] DEBUG com.rush.o2o.util.ImageUtil - basePath is :/Users/zhangweicheng/Spring-workspace/o2o/target/test-classes/
我是谢浓浓：2018-03-08 13:11:36.309 [main] DEBUG com.rush.o2o.dao.ShopDao.updateShop - ==>  Preparing: update tb_shop SET shop_name=?, shop_desc=?, shop_addr=?, phone=?, shop_img=?, last_edit_time=?, enable_status=?, advice=?, area_id=?, shop_category_id=? where shop_id = ? 
我是谢浓浓：2018-03-08 13:11:36.322 [main] DEBUG com.rush.o2o.dao.ShopDao.updateShop - ==> Parameters: 测试的店铺,包括图片(String), test图(String), test图(String), test图(String), upload/item/shop/4/2018030813113137052.jpg(String), 2018-03-08 13:11:31.8(Timestamp), 0(Integer), 审核中。。(String), 2(Integer), 1(Long), 4(Long)
我是谢浓浓：2018-03-08 13:11:36.350 [main] DEBUG com.rush.o2o.dao.ShopDao.updateShop - <==    Updates: 1
我是谢浓浓：2018-03-08 13:26:22.630 [main] DEBUG com.rush.o2o.dao.ShopDao.insertShop - ==>  Preparing: insert into tb_shop(owner_id, area_id, shop_category_id, shop_name, shop_desc, shop_addr, phone, shop_img, priority, create_time, last_edit_time, enable_status, advice) values (?, ?, ?, ?, ?, ?, ?, ?, ?, ?, ?, ?, ?) 
我是谢浓浓：2018-03-08 13:26:22.697 [main] DEBUG com.rush.o2o.dao.ShopDao.insertShop - ==> Parameters: 1(Long), 2(Integer), 1(Long), 测试的店铺,包括图片(String), test图(String), test图(String), test图(String), null, null, 2018-03-08 13:26:22.58(Timestamp), 2018-03-08 13:26:22.58(Timestamp), 0(Integer), 审核中。。(String)
我是谢浓浓：2018-03-08 13:26:22.705 [main] DEBUG com.rush.o2o.dao.ShopDao.insertShop - <==    Updates: 1
我是谢浓浓：2018-03-08 13:26:22.722 [main] DEBUG com.rush.o2o.util.ImageUtil - current relativeAddr is :upload/item/shop/5/2018030813262212310.jpg
我是谢浓浓：2018-03-08 13:26:22.722 [main] DEBUG com.rush.o2o.util.ImageUtil - current complete addr is :/User/o2oRes/image/upload/item/shop/5/2018030813262212310.jpg
我是谢浓浓：2018-03-08 13:26:22.722 [main] DEBUG com.rush.o2o.util.ImageUtil - basePath is :/Users/zhangweicheng/Spring-workspace/o2o/target/test-classes/
我是谢浓浓：2018-03-08 13:26:25.599 [main] DEBUG com.rush.o2o.dao.ShopDao.updateShop - ==>  Preparing: update tb_shop SET shop_name=?, shop_desc=?, shop_addr=?, phone=?, shop_img=?, last_edit_time=?, enable_status=?, advice=?, area_id=?, shop_category_id=? where shop_id = ? 
我是谢浓浓：2018-03-08 13:26:25.601 [main] DEBUG com.rush.o2o.dao.ShopDao.updateShop - ==> Parameters: 测试的店铺,包括图片(String), test图(String), test图(String), test图(String), upload/item/shop/5/2018030813262212310.jpg(String), 2018-03-08 13:26:22.58(Timestamp), 0(Integer), 审核中。。(String), 2(Integer), 1(Long), 5(Long)
我是谢浓浓：2018-03-08 13:26:25.604 [main] DEBUG com.rush.o2o.dao.ShopDao.updateShop - <==    Updates: 1
我是谢浓浓：2018-03-08 13:27:51.373 [main] DEBUG com.rush.o2o.dao.ShopDao.insertShop - ==>  Preparing: insert into tb_shop(owner_id, area_id, shop_category_id, shop_name, shop_desc, shop_addr, phone, shop_img, priority, create_time, last_edit_time, enable_status, advice) values (?, ?, ?, ?, ?, ?, ?, ?, ?, ?, ?, ?, ?) 
我是谢浓浓：2018-03-08 13:27:51.477 [main] DEBUG com.rush.o2o.dao.ShopDao.insertShop - ==> Parameters: 1(Long), 2(Integer), 1(Long), 测试的店铺,包括图片(String), test图(String), test图(String), test图(String), null, null, 2018-03-08 13:27:51.291(Timestamp), 2018-03-08 13:27:51.291(Timestamp), 0(Integer), 审核中。。(String)
我是谢浓浓：2018-03-08 13:27:51.489 [main] DEBUG com.rush.o2o.dao.ShopDao.insertShop - <==    Updates: 1
我是谢浓浓：2018-03-08 13:27:51.505 [main] DEBUG com.rush.o2o.util.ImageUtil - current relativeAddr is :upload/item/shop/6/2018030813275171007.jpg
我是谢浓浓：2018-03-08 13:27:51.505 [main] DEBUG com.rush.o2o.util.ImageUtil - current complete addr is :/Users/zhangweicheng/Desktopo2oRes/image/upload/item/shop/6/2018030813275171007.jpg
我是谢浓浓：2018-03-08 13:27:51.505 [main] DEBUG com.rush.o2o.util.ImageUtil - basePath is :/Users/zhangweicheng/Spring-workspace/o2o/target/test-classes/
我是谢浓浓：2018-03-08 13:27:54.569 [main] DEBUG com.rush.o2o.dao.ShopDao.updateShop - ==>  Preparing: update tb_shop SET shop_name=?, shop_desc=?, shop_addr=?, phone=?, shop_img=?, last_edit_time=?, enable_status=?, advice=?, area_id=?, shop_category_id=? where shop_id = ? 
我是谢浓浓：2018-03-08 13:27:54.572 [main] DEBUG com.rush.o2o.dao.ShopDao.updateShop - ==> Parameters: 测试的店铺,包括图片(String), test图(String), test图(String), test图(String), upload/item/shop/6/2018030813275171007.jpg(String), 2018-03-08 13:27:51.291(Timestamp), 0(Integer), 审核中。。(String), 2(Integer), 1(Long), 6(Long)
我是谢浓浓：2018-03-08 13:27:54.575 [main] DEBUG com.rush.o2o.dao.ShopDao.updateShop - <==    Updates: 1
我是谢浓浓：2018-03-08 16:21:21.163 [main] DEBUG com.rush.o2o.dao.ShopDao.insertShop - ==>  Preparing: insert into tb_shop(owner_id, area_id, shop_category_id, shop_name, shop_desc, shop_addr, phone, shop_img, priority, create_time, last_edit_time, enable_status, advice) values (?, ?, ?, ?, ?, ?, ?, ?, ?, ?, ?, ?, ?) 
我是谢浓浓：2018-03-08 16:21:21.236 [main] DEBUG com.rush.o2o.dao.ShopDao.insertShop - ==> Parameters: 1(Long), 2(Integer), 1(Long), 测试的店铺第二次(String), test第二次(String), test第二次(String), test第二次(String), null, null, 2018-03-08 16:21:21.118(Timestamp), 2018-03-08 16:21:21.118(Timestamp), 0(Integer), 审核中。。(String)
我是谢浓浓：2018-03-08 16:21:21.288 [main] DEBUG com.rush.o2o.dao.ShopDao.insertShop - <==    Updates: 1
我是谢浓浓：2018-03-08 16:21:21.307 [main] DEBUG com.rush.o2o.util.ImageUtil - current relativeAddr is :upload/item/shop/7/2018030816212114831.jpg
我是谢浓浓：2018-03-08 16:21:21.307 [main] DEBUG com.rush.o2o.util.ImageUtil - current complete addr is :/Users/zhangweicheng/o2oRes/image/upload/item/shop/7/2018030816212114831.jpg
我是谢浓浓：2018-03-08 16:21:21.308 [main] DEBUG com.rush.o2o.util.ImageUtil - basePath is :/Users/zhangweicheng/Spring-workspace/o2o/target/test-classes/
我是谢浓浓：2018-03-08 16:21:25.454 [main] DEBUG com.rush.o2o.dao.ShopDao.updateShop - ==>  Preparing: update tb_shop SET shop_name=?, shop_desc=?, shop_addr=?, phone=?, shop_img=?, last_edit_time=?, enable_status=?, advice=?, area_id=?, shop_category_id=? where shop_id = ? 
我是谢浓浓：2018-03-08 16:21:25.457 [main] DEBUG com.rush.o2o.dao.ShopDao.updateShop - ==> Parameters: 测试的店铺第二次(String), test第二次(String), test第二次(String), test第二次(String), upload/item/shop/7/2018030816212114831.jpg(String), 2018-03-08 16:21:21.118(Timestamp), 0(Integer), 审核中。。(String), 2(Integer), 1(Long), 7(Long)
我是谢浓浓：2018-03-08 16:21:25.476 [main] DEBUG com.rush.o2o.dao.ShopDao.updateShop - <==    Updates: 1
我是谢浓浓：2018-03-08 16:23:45.216 [main] DEBUG com.rush.o2o.dao.ShopDao.insertShop - ==>  Preparing: insert into tb_shop(owner_id, area_id, shop_category_id, shop_name, shop_desc, shop_addr, phone, shop_img, priority, create_time, last_edit_time, enable_status, advice) values (?, ?, ?, ?, ?, ?, ?, ?, ?, ?, ?, ?, ?) 
我是谢浓浓：2018-03-08 16:23:45.345 [main] DEBUG com.rush.o2o.dao.ShopDao.insertShop - ==> Parameters: 1(Long), 2(Integer), 1(Long), 测试的店铺第三次(String), test第三次(String), test第三次(String), test第三次(String), null, null, 2018-03-08 16:23:45.17(Timestamp), 2018-03-08 16:23:45.17(Timestamp), 0(Integer), 审核中。。(String)
我是谢浓浓：2018-03-08 16:23:45.362 [main] DEBUG com.rush.o2o.dao.ShopDao.insertShop - <==    Updates: 1
我是谢浓浓：2018-03-08 16:23:45.380 [main] DEBUG com.rush.o2o.util.ImageUtil - current relativeAddr is :upload/item/shop/8/2018030816234528393.jpg
我是谢浓浓：2018-03-08 16:23:45.380 [main] DEBUG com.rush.o2o.util.ImageUtil - current complete addr is :/Users/zhangweicheng/o2oRes/image/upload/item/shop/8/2018030816234528393.jpg
我是谢浓浓：2018-03-08 16:23:45.380 [main] DEBUG com.rush.o2o.util.ImageUtil - basePath is :/Users/zhangweicheng/Spring-workspace/o2o/target/test-classes/
我是谢浓浓：2018-03-08 16:23:48.800 [main] DEBUG com.rush.o2o.dao.ShopDao.updateShop - ==>  Preparing: update tb_shop SET shop_name=?, shop_desc=?, shop_addr=?, phone=?, shop_img=?, last_edit_time=?, enable_status=?, advice=?, area_id=?, shop_category_id=? where shop_id = ? 
我是谢浓浓：2018-03-08 16:23:48.802 [main] DEBUG com.rush.o2o.dao.ShopDao.updateShop - ==> Parameters: 测试的店铺第三次(String), test第三次(String), test第三次(String), test第三次(String), upload/item/shop/8/2018030816234528393.jpg(String), 2018-03-08 16:23:45.17(Timestamp), 0(Integer), 审核中。。(String), 2(Integer), 1(Long), 8(Long)
我是谢浓浓：2018-03-08 16:23:48.804 [main] DEBUG com.rush.o2o.dao.ShopDao.updateShop - <==    Updates: 1
